<?xml version="1.0" encoding="UTF-8"?>
<!-- Generated by org.testng.reporters.JUnitReportReporter -->
<testsuite hostname="DESKTOP-Q528KKC" failures="0" tests="6" name="api.test.DatadrivenTest" time="19.237" errors="0" timestamp="2023-08-17T18:58:51 IST" skipped="0">
  <testcase classname="api.test.DatadrivenTest" name="testPostUser" time="2.082"/>
  <system-out/>
  <testcase classname="api.test.DatadrivenTest" name="testPostUser" time="2.340"/>
  <system-out/>
  <testcase classname="api.test.DatadrivenTest" name="testPostUser" time="7.435"/>
  <system-out/>
  <testcase classname="api.test.DatadrivenTest" name="testDeleteUserByName" time="2.740"/>
  <system-out/>
  <testcase classname="api.test.DatadrivenTest" name="testDeleteUserByName" time="2.045"/>
  <system-out/>
  <testcase classname="api.test.DatadrivenTest" name="testDeleteUserByName" time="2.595"/>
  <system-out/>
</testsuite> <!-- api.test.DatadrivenTest -->
