<?xml version="1.0" encoding="UTF-8"?>
<!-- Generated by org.testng.reporters.JUnitReportReporter -->
<testsuite hostname="DESKTOP-Q528KKC" failures="0" tests="4" name="api.test.UserTest" time="10.932" errors="0" timestamp="2023-08-18T00:38:33 IST" skipped="0">
  <testcase classname="api.test.UserTest" name="testPostUser" time="4.918"/>
  <system-out/>
  <testcase classname="api.test.UserTest" name="testGetUserByName" time="1.423"/>
  <system-out/>
  <testcase classname="api.test.UserTest" name="testUpdateUserByName" time="3.024"/>
  <system-out/>
  <testcase classname="api.test.UserTest" name="testDeleteUserByName" time="1.567"/>
  <system-out/>
</testsuite> <!-- api.test.UserTest -->
