<?xml version="1.0" encoding="UTF-8"?>
<!-- Generated by org.testng.reporters.JUnitReportReporter -->
<testsuite hostname="DESKTOP-Q528KKC" failures="0" tests="4" name="api.test.UserTestFromProperties" time="13.928" errors="0" timestamp="2023-08-18T01:45:36 IST" skipped="0">
  <testcase classname="api.test.UserTestFromProperties" name="testPostUser" time="5.589"/>
  <system-out/>
  <testcase classname="api.test.UserTestFromProperties" name="testGetUserByName" time="2.355"/>
  <system-out/>
  <testcase classname="api.test.UserTestFromProperties" name="testUpdateUserByName" time="3.748"/>
  <system-out/>
  <testcase classname="api.test.UserTestFromProperties" name="testDeleteUserByName" time="2.236"/>
  <system-out/>
</testsuite> <!-- api.test.UserTestFromProperties -->
