<?xml version="1.0" encoding="UTF-8"?>
<!-- Generated by org.testng.reporters.JUnitReportReporter -->
<testsuite hostname="DESKTOP-Q528KKC" failures="0" tests="4" name="api.test.UserTestFromProperties" time="20.806" errors="0" timestamp="2023-08-18T02:40:22 IST" skipped="0">
  <testcase classname="api.test.UserTestFromProperties" name="testPostUser" time="6.837"/>
  <system-out/>
  <testcase classname="api.test.UserTestFromProperties" name="testGetUserByName" time="4.059"/>
  <system-out/>
  <testcase classname="api.test.UserTestFromProperties" name="testUpdateUserByName" time="6.342"/>
  <system-out/>
  <testcase classname="api.test.UserTestFromProperties" name="testDeleteUserByName" time="3.568"/>
  <system-out/>
</testsuite> <!-- api.test.UserTestFromProperties -->
